<?xml version="1.0" encoding="UTF-8"?>
<testsuite name="com.AldoLunaBueno.Calculador.CalculadorApplicationTests" tests="1" skipped="0" failures="0" errors="0" timestamp="2023-01-12T00:05:47" hostname="dev-box" time="0.244">
  <properties/>
  <testcase name="contextLoads()" classname="com.AldoLunaBueno.Calculador.CalculadorApplicationTests" time="0.244"/>
  <system-out><![CDATA[19:05:45.207 [Test worker] DEBUG org.springframework.test.context.BootstrapUtils - Instantiating CacheAwareContextLoaderDelegate from class [org.springframework.test.context.cache.DefaultCacheAwareContextLoaderDelegate]
19:05:45.217 [Test worker] DEBUG org.springframework.test.context.BootstrapUtils - Instantiating BootstrapContext using constructor [public org.springframework.test.context.support.DefaultBootstrapContext(java.lang.Class,org.springframework.test.context.CacheAwareContextLoaderDelegate)]
19:05:45.247 [Test worker] DEBUG org.springframework.test.context.BootstrapUtils - Instantiating TestContextBootstrapper for test class [com.AldoLunaBueno.Calculador.CalculadorApplicationTests] from class [org.springframework.boot.test.context.SpringBootTestContextBootstrapper]
19:05:45.257 [Test worker] INFO org.springframework.boot.test.context.SpringBootTestContextBootstrapper - Neither @ContextConfiguration nor @ContextHierarchy found for test class [com.AldoLunaBueno.Calculador.CalculadorApplicationTests], using SpringBootContextLoader
19:05:45.260 [Test worker] DEBUG org.springframework.test.context.support.AbstractContextLoader - Did not detect default resource location for test class [com.AldoLunaBueno.Calculador.CalculadorApplicationTests]: class path resource [com/AldoLunaBueno/Calculador/CalculadorApplicationTests-context.xml] does not exist
19:05:45.260 [Test worker] DEBUG org.springframework.test.context.support.AbstractContextLoader - Did not detect default resource location for test class [com.AldoLunaBueno.Calculador.CalculadorApplicationTests]: class path resource [com/AldoLunaBueno/Calculador/CalculadorApplicationTestsContext.groovy] does not exist
19:05:45.261 [Test worker] INFO org.springframework.test.context.support.AbstractContextLoader - Could not detect default resource locations for test class [com.AldoLunaBueno.Calculador.CalculadorApplicationTests]: no resource found for suffixes {-context.xml, Context.groovy}.
19:05:45.262 [Test worker] INFO org.springframework.test.context.support.AnnotationConfigContextLoaderUtils - Could not detect default configuration classes for test class [com.AldoLunaBueno.Calculador.CalculadorApplicationTests]: CalculadorApplicationTests does not declare any static, non-private, non-final, nested classes annotated with @Configuration.
19:05:45.298 [Test worker] DEBUG org.springframework.test.context.support.ActiveProfilesUtils - Could not find an 'annotation declaring class' for annotation type [org.springframework.test.context.ActiveProfiles] and class [com.AldoLunaBueno.Calculador.CalculadorApplicationTests]
19:05:45.353 [Test worker] DEBUG org.springframework.context.annotation.ClassPathScanningCandidateComponentProvider - Identified candidate component class: file [/home/aldo/IdeaProjects/Calculador/build/classes/java/main/com/AldoLunaBueno/Calculador/CalculadorApplication.class]
19:05:45.359 [Test worker] INFO org.springframework.boot.test.context.SpringBootTestContextBootstrapper - Found @SpringBootConfiguration com.AldoLunaBueno.Calculador.CalculadorApplication for test class com.AldoLunaBueno.Calculador.CalculadorApplicationTests
19:05:45.444 [Test worker] DEBUG org.springframework.boot.test.context.SpringBootTestContextBootstrapper - @TestExecutionListeners is not present for class [com.AldoLunaBueno.Calculador.CalculadorApplicationTests]: using defaults.
19:05:45.444 [Test worker] INFO org.springframework.boot.test.context.SpringBootTestContextBootstrapper - Loaded default TestExecutionListener class names from location [META-INF/spring.factories]: [org.springframework.boot.test.autoconfigure.restdocs.RestDocsTestExecutionListener, org.springframework.boot.test.autoconfigure.web.client.MockRestServiceServerResetTestExecutionListener, org.springframework.boot.test.autoconfigure.web.servlet.MockMvcPrintOnlyOnFailureTestExecutionListener, org.springframework.boot.test.autoconfigure.web.servlet.WebDriverTestExecutionListener, org.springframework.boot.test.autoconfigure.webservices.client.MockWebServiceServerTestExecutionListener, org.springframework.boot.test.mock.mockito.MockitoTestExecutionListener, org.springframework.boot.test.mock.mockito.ResetMocksTestExecutionListener, org.springframework.test.context.web.ServletTestExecutionListener, org.springframework.test.context.support.DirtiesContextBeforeModesTestExecutionListener, org.springframework.test.context.event.ApplicationEventsTestExecutionListener, org.springframework.test.context.support.DependencyInjectionTestExecutionListener, org.springframework.test.context.support.DirtiesContextTestExecutionListener, org.springframework.test.context.transaction.TransactionalTestExecutionListener, org.springframework.test.context.jdbc.SqlScriptsTestExecutionListener, org.springframework.test.context.event.EventPublishingTestExecutionListener]
19:05:45.453 [Test worker] DEBUG org.springframework.boot.test.context.SpringBootTestContextBootstrapper - Skipping candidate TestExecutionListener [org.springframework.test.context.transaction.TransactionalTestExecutionListener] due to a missing dependency. Specify custom listener classes or make the default listener classes and their required dependencies available. Offending class: [org/springframework/transaction/TransactionDefinition]
19:05:45.454 [Test worker] DEBUG org.springframework.boot.test.context.SpringBootTestContextBootstrapper - Skipping candidate TestExecutionListener [org.springframework.test.context.jdbc.SqlScriptsTestExecutionListener] due to a missing dependency. Specify custom listener classes or make the default listener classes and their required dependencies available. Offending class: [org/springframework/transaction/interceptor/TransactionAttribute]
19:05:45.455 [Test worker] INFO org.springframework.boot.test.context.SpringBootTestContextBootstrapper - Using TestExecutionListeners: [org.springframework.test.context.web.ServletTestExecutionListener@e383572, org.springframework.test.context.support.DirtiesContextBeforeModesTestExecutionListener@5ddf0d24, org.springframework.test.context.event.ApplicationEventsTestExecutionListener@363a52f, org.springframework.boot.test.mock.mockito.MockitoTestExecutionListener@60856961, org.springframework.boot.test.autoconfigure.SpringBootDependencyInjectionTestExecutionListener@2fd953a6, org.springframework.test.context.support.DirtiesContextTestExecutionListener@a4add54, org.springframework.test.context.event.EventPublishingTestExecutionListener@141e5bef, org.springframework.boot.test.autoconfigure.restdocs.RestDocsTestExecutionListener@5f9be66c, org.springframework.boot.test.autoconfigure.web.client.MockRestServiceServerResetTestExecutionListener@3abada5a, org.springframework.boot.test.autoconfigure.web.servlet.MockMvcPrintOnlyOnFailureTestExecutionListener@66c61024, org.springframework.boot.test.autoconfigure.web.servlet.WebDriverTestExecutionListener@61fe30, org.springframework.boot.test.autoconfigure.webservices.client.MockWebServiceServerTestExecutionListener@c9d0d6, org.springframework.boot.test.mock.mockito.ResetMocksTestExecutionListener@6ccdb29f]
19:05:45.458 [Test worker] DEBUG org.springframework.test.context.support.AbstractDirtiesContextTestExecutionListener - Before test class: context [DefaultTestContext@30e868be testClass = CalculadorApplicationTests, testInstance = [null], testMethod = [null], testException = [null], mergedContextConfiguration = [WebMergedContextConfiguration@66c92293 testClass = CalculadorApplicationTests, locations = '{}', classes = '{class com.AldoLunaBueno.Calculador.CalculadorApplication}', contextInitializerClasses = '[]', activeProfiles = '{}', propertySourceLocations = '{}', propertySourceProperties = '{org.springframework.boot.test.context.SpringBootTestContextBootstrapper=true}', contextCustomizers = set[org.springframework.boot.test.autoconfigure.actuate.metrics.MetricsExportContextCustomizerFactory$DisableMetricExportContextCustomizer@74d1dc36, org.springframework.boot.test.autoconfigure.properties.PropertyMappingContextCustomizer@0, org.springframework.boot.test.autoconfigure.web.servlet.WebDriverContextCustomizerFactory$Customizer@7f485fda, org.springframework.boot.test.context.filter.ExcludeFilterContextCustomizer@2d901eb0, org.springframework.boot.test.json.DuplicateJsonObjectContextCustomizerFactory$DuplicateJsonObjectContextCustomizer@5afa3c9, org.springframework.boot.test.mock.mockito.MockitoContextCustomizer@0, org.springframework.boot.test.web.client.TestRestTemplateContextCustomizer@cecf639, org.springframework.boot.test.context.SpringBootTestArgs@1, org.springframework.boot.test.context.SpringBootTestWebEnvironment@4fe767f3], resourceBasePath = 'src/main/webapp', contextLoader = 'org.springframework.boot.test.context.SpringBootContextLoader', parent = [null]], attributes = map['org.springframework.test.context.web.ServletTestExecutionListener.activateListener' -> true]], class annotated with @DirtiesContext [false] with mode [null].

  .   ____          _            __ _ _
 /\\ / ___'_ __ _ _(_)_ __  __ _ \ \ \ \
( ( )\___ | '_ | '_| | '_ \/ _` | \ \ \ \
 \\/  ___)| |_)| | | | | || (_| |  ) ) ) )
  '  |____| .__|_| |_|_| |_\__, | / / / /
 =========|_|==============|___/=/_/_/_/
 :: Spring Boot ::                (v2.7.7)

2023-01-11 19:05:45.748  INFO 40327 --- [    Test worker] c.A.C.CalculadorApplicationTests         : Starting CalculadorApplicationTests using Java 1.8.0_352 on dev-box with PID 40327 (started by aldo in /home/aldo/IdeaProjects/Calculador)
2023-01-11 19:05:45.749  INFO 40327 --- [    Test worker] c.A.C.CalculadorApplicationTests         : No active profile set, falling back to 1 default profile: "default"
2023-01-11 19:05:47.007  INFO 40327 --- [    Test worker] c.A.C.CalculadorApplicationTests         : Started CalculadorApplicationTests in 1.518 seconds (JVM running for 2.568)
]]></system-out>
  <system-err><![CDATA[]]></system-err>
</testsuite>
