<?xml version="1.0" encoding="UTF-8"?>
<testsuite name="com.AldoLunaBueno.Calculador.CalculadorApplicationTests" tests="1" skipped="0" failures="0" errors="0" timestamp="2023-01-12T11:40:24" hostname="dev-box" time="0.382">
  <properties/>
  <testcase name="contextLoads()" classname="com.AldoLunaBueno.Calculador.CalculadorApplicationTests" time="0.382"/>
  <system-out><![CDATA[06:40:20.145 [Test worker] DEBUG org.springframework.test.context.BootstrapUtils - Instantiating CacheAwareContextLoaderDelegate from class [org.springframework.test.context.cache.DefaultCacheAwareContextLoaderDelegate]
06:40:20.181 [Test worker] DEBUG org.springframework.test.context.BootstrapUtils - Instantiating BootstrapContext using constructor [public org.springframework.test.context.support.DefaultBootstrapContext(java.lang.Class,org.springframework.test.context.CacheAwareContextLoaderDelegate)]
06:40:20.280 [Test worker] DEBUG org.springframework.test.context.BootstrapUtils - Instantiating TestContextBootstrapper for test class [com.AldoLunaBueno.Calculador.CalculadorApplicationTests] from class [org.springframework.boot.test.context.SpringBootTestContextBootstrapper]
06:40:20.306 [Test worker] INFO org.springframework.boot.test.context.SpringBootTestContextBootstrapper - Neither @ContextConfiguration nor @ContextHierarchy found for test class [com.AldoLunaBueno.Calculador.CalculadorApplicationTests], using SpringBootContextLoader
06:40:20.317 [Test worker] DEBUG org.springframework.test.context.support.AbstractContextLoader - Did not detect default resource location for test class [com.AldoLunaBueno.Calculador.CalculadorApplicationTests]: class path resource [com/AldoLunaBueno/Calculador/CalculadorApplicationTests-context.xml] does not exist
06:40:20.318 [Test worker] DEBUG org.springframework.test.context.support.AbstractContextLoader - Did not detect default resource location for test class [com.AldoLunaBueno.Calculador.CalculadorApplicationTests]: class path resource [com/AldoLunaBueno/Calculador/CalculadorApplicationTestsContext.groovy] does not exist
06:40:20.318 [Test worker] INFO org.springframework.test.context.support.AbstractContextLoader - Could not detect default resource locations for test class [com.AldoLunaBueno.Calculador.CalculadorApplicationTests]: no resource found for suffixes {-context.xml, Context.groovy}.
06:40:20.320 [Test worker] INFO org.springframework.test.context.support.AnnotationConfigContextLoaderUtils - Could not detect default configuration classes for test class [com.AldoLunaBueno.Calculador.CalculadorApplicationTests]: CalculadorApplicationTests does not declare any static, non-private, non-final, nested classes annotated with @Configuration.
06:40:20.398 [Test worker] DEBUG org.springframework.test.context.support.ActiveProfilesUtils - Could not find an 'annotation declaring class' for annotation type [org.springframework.test.context.ActiveProfiles] and class [com.AldoLunaBueno.Calculador.CalculadorApplicationTests]
06:40:20.558 [Test worker] DEBUG org.springframework.context.annotation.ClassPathScanningCandidateComponentProvider - Identified candidate component class: file [/home/aldo/IdeaProjects/Calculador/build/classes/java/main/com/AldoLunaBueno/Calculador/CalculadorApplication.class]
06:40:20.569 [Test worker] INFO org.springframework.boot.test.context.SpringBootTestContextBootstrapper - Found @SpringBootConfiguration com.AldoLunaBueno.Calculador.CalculadorApplication for test class com.AldoLunaBueno.Calculador.CalculadorApplicationTests
06:40:20.837 [Test worker] DEBUG org.springframework.boot.test.context.SpringBootTestContextBootstrapper - @TestExecutionListeners is not present for class [com.AldoLunaBueno.Calculador.CalculadorApplicationTests]: using defaults.
06:40:20.838 [Test worker] INFO org.springframework.boot.test.context.SpringBootTestContextBootstrapper - Loaded default TestExecutionListener class names from location [META-INF/spring.factories]: [org.springframework.boot.test.autoconfigure.restdocs.RestDocsTestExecutionListener, org.springframework.boot.test.autoconfigure.web.client.MockRestServiceServerResetTestExecutionListener, org.springframework.boot.test.autoconfigure.web.servlet.MockMvcPrintOnlyOnFailureTestExecutionListener, org.springframework.boot.test.autoconfigure.web.servlet.WebDriverTestExecutionListener, org.springframework.boot.test.autoconfigure.webservices.client.MockWebServiceServerTestExecutionListener, org.springframework.boot.test.mock.mockito.MockitoTestExecutionListener, org.springframework.boot.test.mock.mockito.ResetMocksTestExecutionListener, org.springframework.test.context.web.ServletTestExecutionListener, org.springframework.test.context.support.DirtiesContextBeforeModesTestExecutionListener, org.springframework.test.context.event.ApplicationEventsTestExecutionListener, org.springframework.test.context.support.DependencyInjectionTestExecutionListener, org.springframework.test.context.support.DirtiesContextTestExecutionListener, org.springframework.test.context.transaction.TransactionalTestExecutionListener, org.springframework.test.context.jdbc.SqlScriptsTestExecutionListener, org.springframework.test.context.event.EventPublishingTestExecutionListener]
06:40:20.863 [Test worker] DEBUG org.springframework.boot.test.context.SpringBootTestContextBootstrapper - Skipping candidate TestExecutionListener [org.springframework.test.context.transaction.TransactionalTestExecutionListener] due to a missing dependency. Specify custom listener classes or make the default listener classes and their required dependencies available. Offending class: [org/springframework/transaction/TransactionDefinition]
06:40:20.864 [Test worker] DEBUG org.springframework.boot.test.context.SpringBootTestContextBootstrapper - Skipping candidate TestExecutionListener [org.springframework.test.context.jdbc.SqlScriptsTestExecutionListener] due to a missing dependency. Specify custom listener classes or make the default listener classes and their required dependencies available. Offending class: [org/springframework/transaction/interceptor/TransactionAttribute]
06:40:20.865 [Test worker] INFO org.springframework.boot.test.context.SpringBootTestContextBootstrapper - Using TestExecutionListeners: [org.springframework.test.context.web.ServletTestExecutionListener@4822ab4d, org.springframework.test.context.support.DirtiesContextBeforeModesTestExecutionListener@516b84d1, org.springframework.test.context.event.ApplicationEventsTestExecutionListener@1ad1f167, org.springframework.boot.test.mock.mockito.MockitoTestExecutionListener@608eb42e, org.springframework.boot.test.autoconfigure.SpringBootDependencyInjectionTestExecutionListener@3d2b13b1, org.springframework.test.context.support.DirtiesContextTestExecutionListener@30eb55c9, org.springframework.test.context.event.EventPublishingTestExecutionListener@2524d07a, org.springframework.boot.test.autoconfigure.restdocs.RestDocsTestExecutionListener@309e3f34, org.springframework.boot.test.autoconfigure.web.client.MockRestServiceServerResetTestExecutionListener@554d040d, org.springframework.boot.test.autoconfigure.web.servlet.MockMvcPrintOnlyOnFailureTestExecutionListener@3fe24670, org.springframework.boot.test.autoconfigure.web.servlet.WebDriverTestExecutionListener@3c46e6f6, org.springframework.boot.test.autoconfigure.webservices.client.MockWebServiceServerTestExecutionListener@7d6019d5, org.springframework.boot.test.mock.mockito.ResetMocksTestExecutionListener@40b01718]
06:40:20.874 [Test worker] DEBUG org.springframework.test.context.support.AbstractDirtiesContextTestExecutionListener - Before test class: context [DefaultTestContext@e7b3e54 testClass = CalculadorApplicationTests, testInstance = [null], testMethod = [null], testException = [null], mergedContextConfiguration = [WebMergedContextConfiguration@78d61f17 testClass = CalculadorApplicationTests, locations = '{}', classes = '{class com.AldoLunaBueno.Calculador.CalculadorApplication}', contextInitializerClasses = '[]', activeProfiles = '{}', propertySourceLocations = '{}', propertySourceProperties = '{org.springframework.boot.test.context.SpringBootTestContextBootstrapper=true}', contextCustomizers = set[org.springframework.boot.test.autoconfigure.actuate.metrics.MetricsExportContextCustomizerFactory$DisableMetricExportContextCustomizer@46394f65, org.springframework.boot.test.autoconfigure.properties.PropertyMappingContextCustomizer@0, org.springframework.boot.test.autoconfigure.web.servlet.WebDriverContextCustomizerFactory$Customizer@634f58d2, org.springframework.boot.test.context.filter.ExcludeFilterContextCustomizer@281b2dfd, org.springframework.boot.test.json.DuplicateJsonObjectContextCustomizerFactory$DuplicateJsonObjectContextCustomizer@35025a0a, org.springframework.boot.test.mock.mockito.MockitoContextCustomizer@0, org.springframework.boot.test.web.client.TestRestTemplateContextCustomizer@53d6e959, org.springframework.boot.test.context.SpringBootTestArgs@1, org.springframework.boot.test.context.SpringBootTestWebEnvironment@76075d65], resourceBasePath = 'src/main/webapp', contextLoader = 'org.springframework.boot.test.context.SpringBootContextLoader', parent = [null]], attributes = map['org.springframework.test.context.web.ServletTestExecutionListener.activateListener' -> true]], class annotated with @DirtiesContext [false] with mode [null].

  .   ____          _            __ _ _
 /\\ / ___'_ __ _ _(_)_ __  __ _ \ \ \ \
( ( )\___ | '_ | '_| | '_ \/ _` | \ \ \ \
 \\/  ___)| |_)| | | | | || (_| |  ) ) ) )
  '  |____| .__|_| |_|_| |_\__, | / / / /
 =========|_|==============|___/=/_/_/_/
 :: Spring Boot ::                (v2.7.7)

2023-01-12 06:40:21.623  INFO 48446 --- [    Test worker] c.A.C.CalculadorApplicationTests         : Starting CalculadorApplicationTests using Java 1.8.0_352 on dev-box with PID 48446 (started by aldo in /home/aldo/IdeaProjects/Calculador)
2023-01-12 06:40:21.626  INFO 48446 --- [    Test worker] c.A.C.CalculadorApplicationTests         : No active profile set, falling back to 1 default profile: "default"
2023-01-12 06:40:24.136  INFO 48446 --- [    Test worker] c.A.C.CalculadorApplicationTests         : Started CalculadorApplicationTests in 3.18 seconds (JVM running for 5.839)
]]></system-out>
  <system-err><![CDATA[]]></system-err>
</testsuite>
