<?xml version="1.0" encoding="UTF-8"?>
<testsuite name="com.AldoLunaBueno.Calculador.CalculadorTest" tests="1" skipped="0" failures="0" errors="0" timestamp="2023-01-12T11:40:24" hostname="dev-box" time="0.003">
  <properties/>
  <testcase name="testSum()" classname="com.AldoLunaBueno.Calculador.CalculadorTest" time="0.003"/>
  <system-out><![CDATA[]]></system-out>
  <system-err><![CDATA[]]></system-err>
</testsuite>
